Arguments: 
  /usr/local/bin/node /usr/local/Cellar/yarn/1.22.4/libexec/bin/yarn.js

PATH: 
  /Users/haakonjack/.pyenv/shims:/usr/local/bin:/usr/bin:/bin:/usr/sbin:/sbin:/usr/local/share/dotnet:~/.dotnet/tools:/Library/Apple/usr/bin:/Library/Frameworks/Mono.framework/Versions/Current/Commands:/Users/haakonjack/.dotnet/tools:/Users/haakonjack/Library/Python/3.7/bin

Yarn version: 
  1.22.4

Node version: 
  12.18.1

Platform: 
  darwin x64

Trace: 
  SyntaxError: /Users/haakonjack/projects/linting-and-formatting/packages/eslint-config-landr/package.json: Unexpected token } in JSON at position 1049
      at JSON.parse (<anonymous>)
      at /usr/local/Cellar/yarn/1.22.4/libexec/lib/cli.js:1625:59
      at Generator.next (<anonymous>)
      at step (/usr/local/Cellar/yarn/1.22.4/libexec/lib/cli.js:310:30)
      at /usr/local/Cellar/yarn/1.22.4/libexec/lib/cli.js:321:13

npm manifest: 
  {
      "name": "eslint-config-landr",
      "description": "LANDR's shareable ESLint config",
      "version": "0.4.1",
      "main": "index.js",
      "license": "MIT",
      "author": "LANDR <development@landr.com>",
      "keywords": [
          "javascript",
          "ecmascript",
          "typescript",
          "eslint",
          "lint",
          "config",
          "prettier"
      ],
      "repository": {
          "type": "git",
          "url": "https://github.com/Mixgenius/linting-and-formatting/tree/master/eslint-config-landr"
      },
      "peerDependencies": {
          "@typescript-eslint/eslint-plugin": "^4.9.0",
          "@typescript-eslint/parser": "^4.9.0",
          "eslint": "^7.14.0",
          "eslint-config-prettier": "^6.15.0",
          "eslint-plugin-import": "^2.22.0",
          "eslint-plugin-prettier": "^3.2.0",
          "eslint-plugin-react-hooks": "^4.0.8",
          "prettier": "^2.2.1",
          "typescript": "^4.1.2"
      },
      "engines": {
          "node": ">= 4"
      },
      "optionalDependencies": {
          "eslint-plugin-react": "^7.21.5"
      },
  }

yarn manifest: 
  No manifest

Lockfile: 
  No lockfile
